This is pdfTeX, Version 3.14159265-2.6-1.40.17 (TeX Live 2016) (preloaded format=pdflatex 2016.5.22)  3 JUN 2018 20:35
entering extended mode
 restricted \write18 enabled.
 file:line:error style messages enabled.
 %&-line parsing enabled.
**emnlp2018.tex
(./emnlp2018.tex
LaTeX2e <2016/03/31>
Babel <3.9r> and hyphenation patterns for 83 language(s) loaded.
(/usr/local/texlive/2016/texmf-dist/tex/latex/base/article.cls
Document Class: article 2014/09/29 v1.4h Standard LaTeX document class
(/usr/local/texlive/2016/texmf-dist/tex/latex/base/size11.clo
File: size11.clo 2014/09/29 v1.4h Standard LaTeX file (size option)
)
\c@part=\count79
\c@section=\count80
\c@subsection=\count81
\c@subsubsection=\count82
\c@paragraph=\count83
\c@subparagraph=\count84
\c@figure=\count85
\c@table=\count86
\abovecaptionskip=\skip41
\belowcaptionskip=\skip42
\bibindent=\dimen102
)
(./emnlp2018.sty
(/usr/local/texlive/2016/texmf-dist/tex/latex/hyperref/hyperref.sty
Package: hyperref 2016/05/05 v6.83n Hypertext links for LaTeX

(/usr/local/texlive/2016/texmf-dist/tex/generic/oberdiek/hobsub-hyperref.sty
Package: hobsub-hyperref 2016/05/16 v1.14 Bundle oberdiek, subset hyperref (HO)


(/usr/local/texlive/2016/texmf-dist/tex/generic/oberdiek/hobsub-generic.sty
Package: hobsub-generic 2016/05/16 v1.14 Bundle oberdiek, subset generic (HO)
Package: hobsub 2016/05/16 v1.14 Construct package bundles (HO)
Package: infwarerr 2016/05/16 v1.4 Providing info/warning/error messages (HO)
Package: ltxcmds 2016/05/16 v1.23 LaTeX kernel commands for general use (HO)
Package: ifluatex 2016/05/16 v1.4 Provides the ifluatex switch (HO)
Package ifluatex Info: LuaTeX not detected.
Package: ifvtex 2016/05/16 v1.6 Detect VTeX and its facilities (HO)
Package ifvtex Info: VTeX not detected.
Package: intcalc 2016/05/16 v1.2 Expandable calculations with integers (HO)
Package: ifpdf 2016/05/14 v3.1 Provides the ifpdf switch
Package: etexcmds 2016/05/16 v1.6 Avoid name clashes with e-TeX commands (HO)
Package etexcmds Info: Could not find \expanded.
(etexcmds)             That can mean that you are not using pdfTeX 1.50 or
(etexcmds)             that some package has redefined \expanded.
(etexcmds)             In the latter case, load this package earlier.
Package: kvsetkeys 2016/05/16 v1.17 Key value parser (HO)
Package: kvdefinekeys 2016/05/16 v1.4 Define keys (HO)
Package: pdftexcmds 2016/05/10 v0.21 Utility functions of pdfTeX for LuaTeX (HO
)
Package pdftexcmds Info: LuaTeX not detected.
Package pdftexcmds Info: \pdf@primitive is available.
Package pdftexcmds Info: \pdf@ifprimitive is available.
Package pdftexcmds Info: \pdfdraftmode found.
Package: pdfescape 2016/05/16 v1.14 Implements pdfTeX's escape features (HO)
Package: bigintcalc 2016/05/16 v1.4 Expandable calculations on big integers (HO
)
Package: bitset 2016/05/16 v1.2 Handle bit-vector datatype (HO)
Package: uniquecounter 2016/05/16 v1.3 Provide unlimited unique counter (HO)
)
Package hobsub Info: Skipping package `hobsub' (already loaded).
Package: letltxmacro 2016/05/16 v1.5 Let assignment for LaTeX macros (HO)
Package: hopatch 2016/05/16 v1.3 Wrapper for package hooks (HO)
Package: xcolor-patch 2016/05/16 xcolor patch
Package: atveryend 2016/05/16 v1.9 Hooks at the very end of document (HO)
Package atveryend Info: \enddocument detected (standard20110627).
Package: atbegshi 2016/05/16 v1.17 At begin shipout hook (HO)
Package: refcount 2016/05/16 v3.5 Data extraction from label references (HO)
Package: hycolor 2016/05/16 v1.8 Color options for hyperref/bookmark (HO)
)
(/usr/local/texlive/2016/texmf-dist/tex/latex/graphics/keyval.sty
Package: keyval 2014/10/28 v1.15 key=value parser (DPC)
\KV@toks@=\toks14
)
(/usr/local/texlive/2016/texmf-dist/tex/generic/ifxetex/ifxetex.sty
Package: ifxetex 2010/09/12 v0.6 Provides ifxetex conditional
)
(/usr/local/texlive/2016/texmf-dist/tex/latex/oberdiek/auxhook.sty
Package: auxhook 2016/05/16 v1.4 Hooks for auxiliary files (HO)
)
(/usr/local/texlive/2016/texmf-dist/tex/latex/oberdiek/kvoptions.sty
Package: kvoptions 2016/05/16 v3.12 Key value format for package options (HO)
)
\@linkdim=\dimen103
\Hy@linkcounter=\count87
\Hy@pagecounter=\count88

(/usr/local/texlive/2016/texmf-dist/tex/latex/hyperref/pd1enc.def
File: pd1enc.def 2016/05/05 v6.83n Hyperref: PDFDocEncoding definition (HO)
)
\Hy@SavedSpaceFactor=\count89

(/usr/local/texlive/2016/texmf-dist/tex/latex/latexconfig/hyperref.cfg
File: hyperref.cfg 2002/06/06 v1.2 hyperref configuration of TeXLive
)
Package hyperref Info: Hyper figures OFF on input line 4446.
Package hyperref Info: Link nesting OFF on input line 4451.
Package hyperref Info: Hyper index ON on input line 4454.
Package hyperref Info: Plain pages OFF on input line 4461.
Package hyperref Info: Backreferencing OFF on input line 4466.
Package hyperref Info: Implicit mode ON; LaTeX internals redefined.
Package hyperref Info: Bookmarks ON on input line 4691.
\c@Hy@tempcnt=\count90

(/usr/local/texlive/2016/texmf-dist/tex/latex/url/url.sty
\Urlmuskip=\muskip10
Package: url 2013/09/16  ver 3.4  Verb mode for urls, etc.
)
LaTeX Info: Redefining \url on input line 5044.
\XeTeXLinkMargin=\dimen104
\Fld@menulength=\count91
\Field@Width=\dimen105
\Fld@charsize=\dimen106
Package hyperref Info: Hyper figures OFF on input line 6298.
Package hyperref Info: Link nesting OFF on input line 6303.
Package hyperref Info: Hyper index ON on input line 6306.
Package hyperref Info: backreferencing OFF on input line 6313.
Package hyperref Info: Link coloring OFF on input line 6318.
Package hyperref Info: Link coloring with OCG OFF on input line 6323.
Package hyperref Info: PDF/A mode OFF on input line 6328.
LaTeX Info: Redefining \ref on input line 6368.
LaTeX Info: Redefining \pageref on input line 6372.
\Hy@abspage=\count92
\c@Item=\count93
\c@Hfootnote=\count94
)

Package hyperref Message: Driver (autodetected): hpdftex.

(/usr/local/texlive/2016/texmf-dist/tex/latex/hyperref/hpdftex.def
File: hpdftex.def 2016/05/05 v6.83n Hyperref driver for pdfTeX
\Fld@listcount=\count95
\c@bookmark@seq@number=\count96

(/usr/local/texlive/2016/texmf-dist/tex/latex/oberdiek/rerunfilecheck.sty
Package: rerunfilecheck 2016/05/16 v1.8 Rerun checks for auxiliary files (HO)
Package uniquecounter Info: New unique counter `rerunfilecheck' on input line 2
82.
)
\Hy@SectionHShift=\skip43
)
(/usr/local/texlive/2016/texmf-dist/tex/latex/xcolor/xcolor.sty
Package: xcolor 2016/05/11 v2.12 LaTeX color extensions (UK)

(/usr/local/texlive/2016/texmf-dist/tex/latex/graphics-cfg/color.cfg
File: color.cfg 2016/01/02 v1.6 sample color configuration
)
Package xcolor Info: Driver file: pdftex.def on input line 225.

(/usr/local/texlive/2016/texmf-dist/tex/latex/pdftex-def/pdftex.def
File: pdftex.def 2011/05/27 v0.06d Graphics/color for pdfTeX
\Gread@gobject=\count97
)
Package xcolor Info: Model `cmy' substituted by `cmy0' on input line 1348.
Package xcolor Info: Model `hsb' substituted by `rgb' on input line 1352.
Package xcolor Info: Model `RGB' extended on input line 1364.
Package xcolor Info: Model `HTML' substituted by `rgb' on input line 1366.
Package xcolor Info: Model `Hsb' substituted by `hsb' on input line 1367.
Package xcolor Info: Model `tHsb' substituted by `hsb' on input line 1368.
Package xcolor Info: Model `HSB' substituted by `hsb' on input line 1369.
Package xcolor Info: Model `Gray' substituted by `gray' on input line 1370.
Package xcolor Info: Model `wave' substituted by `hsb' on input line 1371.
)
Package hyperref Info: Option `colorlinks' set `true' on input line 107.

Conference Style for EMNLP 2018
\titlebox=\skip44
\aclrulerbox=\box26
\aclrulercount=\count98
\aclruleroffset=\dimen107
\cv@lineheight=\dimen108
\cv@boxheight=\dimen109
\cv@tmpbox=\box27
\cv@refno=\count99
\cv@tot=\count100
\cv@tmpc@=\count101
\cv@tmpc=\count102
(/usr/local/texlive/2016/texmf-dist/tex/latex/natbib/natbib.sty
Package: natbib 2010/09/13 8.31b (PWD, AO)
\bibhang=\skip45
\bibsep=\skip46
LaTeX Info: Redefining \cite on input line 694.
\c@NAT@ctr=\count103
))
(/usr/local/texlive/2016/texmf-dist/tex/latex/psnfss/times.sty
Package: times 2005/04/12 PSNFSS-v9.2a (SPQR) 
)
(/usr/local/texlive/2016/texmf-dist/tex/latex/base/latexsym.sty
Package: latexsym 1998/08/17 v2.2e Standard LaTeX package (lasy symbols)
\symlasy=\mathgroup4
LaTeX Font Info:    Overwriting symbol font `lasy' in version `bold'
(Font)                  U/lasy/m/n --> U/lasy/b/n on input line 52.
)
(./emnlp2018.aux)
\openout1 = `emnlp2018.aux'.

LaTeX Font Info:    Checking defaults for OML/cmm/m/it on input line 49.
LaTeX Font Info:    ... okay on input line 49.
LaTeX Font Info:    Checking defaults for T1/cmr/m/n on input line 49.
LaTeX Font Info:    ... okay on input line 49.
LaTeX Font Info:    Checking defaults for OT1/cmr/m/n on input line 49.
LaTeX Font Info:    ... okay on input line 49.
LaTeX Font Info:    Checking defaults for OMS/cmsy/m/n on input line 49.
LaTeX Font Info:    ... okay on input line 49.
LaTeX Font Info:    Checking defaults for OMX/cmex/m/n on input line 49.
LaTeX Font Info:    ... okay on input line 49.
LaTeX Font Info:    Checking defaults for U/cmr/m/n on input line 49.
LaTeX Font Info:    ... okay on input line 49.
LaTeX Font Info:    Checking defaults for PD1/pdf/m/n on input line 49.
LaTeX Font Info:    ... okay on input line 49.
LaTeX Font Info:    Try loading font information for OT1+ptm on input line 49.

(/usr/local/texlive/2016/texmf-dist/tex/latex/psnfss/ot1ptm.fd
File: ot1ptm.fd 2001/06/04 font definitions for OT1/ptm.
)
\AtBeginShipoutBox=\box28
Package hyperref Info: Link coloring ON on input line 49.

(/usr/local/texlive/2016/texmf-dist/tex/latex/hyperref/nameref.sty
Package: nameref 2012/10/27 v2.43 Cross-referencing by name of section

(/usr/local/texlive/2016/texmf-dist/tex/generic/oberdiek/gettitlestring.sty
Package: gettitlestring 2016/05/16 v1.5 Cleanup title references (HO)
)
\c@section@level=\count104
)
LaTeX Info: Redefining \ref on input line 49.
LaTeX Info: Redefining \pageref on input line 49.
LaTeX Info: Redefining \nameref on input line 49.

(./emnlp2018.out) (./emnlp2018.out)
\@outlinefile=\write3
\openout3 = `emnlp2018.out'.


(/usr/local/texlive/2016/texmf-dist/tex/context/base/mkii/supp-pdf.mkii
[Loading MPS to PDF converter (version 2006.09.02).]
\scratchcounter=\count105
\scratchdimen=\dimen110
\scratchbox=\box29
\nofMPsegments=\count106
\nofMParguments=\count107
\everyMPshowfont=\toks15
\MPscratchCnt=\count108
\MPscratchDim=\dimen111
\MPnumerator=\count109
\makeMPintoPDFobject=\count110
\everyMPtoPDFconversion=\toks16
) ABD: EveryShipout initializing macros
LaTeX Font Info:    Font shape `OT1/ptm/bx/n' in size <14.4> not available
(Font)              Font shape `OT1/ptm/b/n' tried instead on input line 50.
LaTeX Font Info:    External font `cmex10' loaded for size
(Font)              <12> on input line 50.
LaTeX Font Info:    External font `cmex10' loaded for size
(Font)              <8> on input line 50.
LaTeX Font Info:    External font `cmex10' loaded for size
(Font)              <6> on input line 50.
LaTeX Font Info:    Try loading font information for U+lasy on input line 50.

(/usr/local/texlive/2016/texmf-dist/tex/latex/base/ulasy.fd
File: ulasy.fd 1998/08/17 v2.2e LaTeX symbol font definitions
)
LaTeX Font Info:    Font shape `OT1/ptm/bx/n' in size <12> not available
(Font)              Font shape `OT1/ptm/b/n' tried instead on input line 50.
LaTeX Font Info:    Try loading font information for OT1+pcr on input line 65.

(/usr/local/texlive/2016/texmf-dist/tex/latex/psnfss/ot1pcr.fd
File: ot1pcr.fd 2001/06/04 font definitions for OT1/pcr.
)
LaTeX Font Info:    External font `cmex10' loaded for size
(Font)              <10.95> on input line 65.

Underfull \hbox (badness 4872) in paragraph at lines 63--80
\OT1/ptm/m/n/10.95 This doc-u-ment has been adapted from the
 []


Underfull \hbox (badness 10000) in paragraph at lines 63--80
\OT1/pcr/m/n/10.95 / / github . com / acl-[]org / acl-[]pub$[][]\OT1/ptm/m/n/10
.95 , with
 []


Underfull \hbox (badness 5924) in paragraph at lines 63--80
\OT1/ptm/m/n/10.95 mod-i-fi-ca-tions by Micha El-sner and Preethi
 []


Underfull \hbox (badness 1888) in paragraph at lines 63--80
\OT1/ptm/m/n/10.95 2017/2018 (NA)ACL bib-tex sug-ges-tions from
 []


Underfull \hbox (badness 1400) in paragraph at lines 63--80
\OT1/ptm/m/it/10.95 In-tel-li-gence \OT1/ptm/m/n/10.95 and the \OT1/ptm/m/it/10
.95 Con-fer-ence on Com-puter
 []

LaTeX Font Info:    Font shape `OT1/ptm/bx/n' in size <10.95> not available
(Font)              Font shape `OT1/ptm/b/n' tried instead on input line 88.

Underfull \vbox (badness 5490) has occurred while \output is active []

 [1{/usr/local/texlive/2016/texmf-var/fonts/map/pdftex/updmap/pdftex.map}



]
Underfull \hbox (badness 10000) in paragraph at lines 130--142
\OT1/ptm/m/n/10.95 SIGDAT pro-vides this de-scrip-tion in
 []


Underfull \hbox (badness 10000) in paragraph at lines 130--142
\OT1/ptm/m/n/10.95 L[]T[]X2e (\OT1/pcr/m/n/9 emnlp2018.tex\OT1/ptm/m/n/10.95 ) 
and PDF for-
 []


Underfull \hbox (badness 10000) in paragraph at lines 130--142
\OT1/ptm/m/n/10.95 mat (\OT1/pcr/m/n/9 emnlp2018.pdf\OT1/ptm/m/n/10.95 ), along
 with the
 []


Underfull \hbox (badness 10000) in paragraph at lines 130--142
\OT1/ptm/m/n/10.95 L[]T[]X2e style file used to for-mat it
 []


Underfull \hbox (badness 7030) in paragraph at lines 130--142
\OT1/ptm/m/n/10.95 (\OT1/pcr/m/n/9 emnlp2018.sty\OT1/ptm/m/n/10.95 ) and an ACL
 bib-li-og-ra-phy
 []


Underfull \hbox (badness 10000) in paragraph at lines 130--142
\OT1/ptm/m/n/10.95 style (\OT1/pcr/m/n/9 acl[]natbib[]nourl.bst\OT1/ptm/m/n/10.
95 ) and ex-am-ple
 []


Underfull \hbox (badness 2818) in paragraph at lines 130--142
\OT1/ptm/m/n/10.95 all avail-able at [][]$\OT1/pcr/m/n/10.95 http : / / emnlp20
18 . org /
 []


Underfull \hbox (badness 2126) in paragraph at lines 130--142
\OT1/pcr/m/n/10.95 downloads / emnlp18-[]latex . zip$[][]\OT1/ptm/m/n/10.95 ; a
 Mi-
 []


Underfull \hbox (badness 5417) in paragraph at lines 130--142
\OT1/ptm/m/n/10.95 is avail-able at [][]$\OT1/pcr/m/n/10.95 http : / / emnlp201
8 . org /
 []


Underfull \hbox (badness 10000) in paragraph at lines 130--142
\OT1/pcr/m/n/10.95 downloads / emnlp18-[]word . zip$[][]\OT1/ptm/m/n/10.95 . We

 []


Underfull \hbox (badness 10000) in paragraph at lines 167--173
[]\OT1/pcr/m/n/10.95 \special{papersize=210mm,297mm}
 []


Underfull \hbox (badness 7685) in paragraph at lines 167--173
\OT1/ptm/m/n/10.95 in the la-tex pream-ble (di-rectly be-low the
 []


Underfull \hbox (badness 10000) in paragraph at lines 167--173
[]\OT1/pcr/m/n/10.95 \usepackage \OT1/ptm/m/n/10.95 com-mands). Then us-ing
 []

LaTeX Font Info:    Try loading font information for OMS+ptm on input line 187.

(/usr/local/texlive/2016/texmf-dist/tex/latex/psnfss/omsptm.fd
File: omsptm.fd 
)
LaTeX Font Info:    Font shape `OMS/ptm/m/n' in size <10.95> not available
(Font)              Font shape `OMS/cmsy/m/n' tried instead on input line 187.
 [2]
LaTeX Font Info:    External font `cmex10' loaded for size
(Font)              <9> on input line 286.
LaTeX Font Info:    External font `cmex10' loaded for size
(Font)              <5> on input line 286.
LaTeX Font Info:    Font shape `OT1/ptm/bx/n' in size <9> not available
(Font)              Font shape `OT1/ptm/b/n' tried instead on input line 289.


Package natbib Warning: Citation `Gusfield:97' on page 3 undefined on input lin
e 327.


Package natbib Warning: Citation `Gusfield:97' on page 3 undefined on input lin
e 328.


Package natbib Warning: Citation `Gusfield:97' on page 3 undefined on input lin
e 329.

[3]

Package natbib Warning: Citation `Gusfield:97' on page 4 undefined on input lin
e 340.


Package natbib Warning: Citation `Gusfield:97' on page 4 undefined on input lin
e 341.


Package natbib Warning: Citation `Gusfield:97' on page 4 undefined on input lin
e 343.


Package natbib Warning: Citation `Aho:72' on page 4 undefined on input line 343
.


Package natbib Warning: Citation `Aho:72' on page 4 undefined on input line 345
.


Package natbib Warning: Citation `Chandra:81' on page 4 undefined on input line
 345.


Package natbib Warning: Citation `Gusfield:97' on page 4 undefined on input lin
e 347.


Package natbib Warning: Citation `Aho:72' on page 4 undefined on input line 347
.


Package natbib Warning: Citation `Gusfield:97' on page 4 undefined on input lin
e 352.


Package natbib Warning: Citation `Gusfield:97' on page 4 undefined on input lin
e 356.


Package natbib Warning: Citation `P16-1001' on page 4 undefined on input line 3
84.


Package natbib Warning: Citation `C14-1001' on page 4 undefined on input line 3
85.


Underfull \hbox (badness 1048) in paragraph at lines 389--393
[]\OT1/ptm/b/n/10.95 Anonymity: \OT1/ptm/m/n/10.95 As re-view-ing will be doubl
e-
 []


Package natbib Warning: Citation `Gusfield:97' on page 4 undefined on input lin
e 394.


Package natbib Warning: Citation `Gusfield:97' on page 4 undefined on input lin
e 398.


Package natbib Warning: Citation `Gusfield:97' on page 4 undefined on input lin
e 398.


Package natbib Warning: Citation `APA:83' on page 4 undefined on input line 430
.


Package natbib Warning: Citation `ACM:83' on page 4 undefined on input line 433
.


Underfull \hbox (badness 1152) in paragraph at lines 435--438
[]\OT1/ptm/m/n/10.95 The L[]T[]X and BibT[]X style files pro-vided
 []

[4]

Package natbib Warning: Citation `rasooli-tetrault-2015' on page 5 undefined on
 input line 440.


Package natbib Warning: Citation `Ando2005' on page 5 undefined on input line 4
41.


Package natbib Warning: Citation `borsch2011' on page 5 undefined on input line
 442.


Package natbib Warning: Citation `andrew2007scalable' on page 5 undefined on in
put line 443.


Underfull \hbox (badness 1142) in paragraph at lines 473--478
\OT1/ptm/b/n/10.95 Illustrations\OT1/ptm/m/n/10.95 : Place fig-ures, ta-bles, a
nd pho-
 []

[5]
Underfull \hbox (badness 2285) in paragraph at lines 545--551
[]\OT1/ptm/m/n/10.95 However, note that sup-ple-men-tary ma-te-rial
 []


Underfull \hbox (badness 1859) in paragraph at lines 558--561
\OT1/ptm/m/n/10.95 The ac-knowl-edg-ments should go im-me-di-ately
 []


Underfull \hbox (badness 1215) in paragraph at lines 558--561
\OT1/ptm/m/n/10.95 knowl-edg-ments sec-tion. Do not in-clude this
 []


Underfull \hbox (badness 10000) in paragraph at lines 558--561

 []


Underfull \hbox (badness 10000) in paragraph at lines 562--563

 []


Underfull \hbox (badness 10000) in paragraph at lines 564--567
[]\OT1/ptm/m/n/10.95 Include your own bib file like this:
 []


Underfull \hbox (badness 10000) in paragraph at lines 564--567
[]\OT1/pcr/m/n/9 \bibliographystyle{acl_natbib_nourl}
 []

No file emnlp2018.bbl.

Underfull \hbox (badness 10000) in paragraph at lines 568--571
[]\OT1/ptm/m/n/10.95 Where []\OT1/pcr/m/n/10.95 emnlp2018 \OT1/ptm/m/n/10.95 co
r-re-sponds to the
 []


Package natbib Warning: There were undefined citations.

Package atveryend Info: Empty hook `BeforeClearDocument' on input line 617.
[6]
Package atveryend Info: Empty hook `AfterLastShipout' on input line 617.
 (./emnlp2018.aux)
Package atveryend Info: Executing hook `AtVeryEndDocument' on input line 617.
Package atveryend Info: Executing hook `AtEndAfterFileList' on input line 617.
Package rerunfilecheck Info: File `emnlp2018.out' has not changed.
(rerunfilecheck)             Checksum: D41D8CD98F00B204E9800998ECF8427E;0.
Package atveryend Info: Empty hook `AtVeryVeryEnd' on input line 617.
 )
(\end occurred when \iffalse on line 347 was incomplete) 
Here is how much of TeX's memory you used:
 5840 strings out of 493014
 84080 string characters out of 6133351
 183853 words of memory out of 5000000
 9310 multiletter control sequences out of 15000+600000
 30975 words of font info for 66 fonts, out of 8000000 for 9000
 1141 hyphenation exceptions out of 8191
 36i,18n,37p,452b,366s stack positions out of 5000i,500n,10000p,200000b,80000s
{/usr/local/texlive/201
6/texmf-dist/fonts/enc/dvips/base/8r.enc}</usr/local/texlive/2016/texmf-dist/fo
nts/type1/public/amsfonts/cm/cmmi10.pfb></usr/local/texlive/2016/texmf-dist/fon
ts/type1/public/amsfonts/cm/cmr10.pfb></usr/local/texlive/2016/texmf-dist/fonts
/type1/public/amsfonts/cm/cmsy10.pfb></usr/local/texlive/2016/texmf-dist/fonts/
type1/urw/courier/ucrr8a.pfb></usr/local/texlive/2016/texmf-dist/fonts/type1/ur
w/helvetic/uhvb8a.pfb></usr/local/texlive/2016/texmf-dist/fonts/type1/urw/times
/utmb8a.pfb></usr/local/texlive/2016/texmf-dist/fonts/type1/urw/times/utmr8a.pf
b></usr/local/texlive/2016/texmf-dist/fonts/type1/urw/times/utmri8a.pfb>
Output written on emnlp2018.pdf (6 pages, 124592 bytes).
PDF statistics:
 108 PDF objects out of 1000 (max. 8388607)
 91 compressed objects within 1 object stream
 30 named destinations out of 1000 (max. 500000)
 1 words of extra memory for PDF output out of 10000 (max. 10000000)

